<?xml version="1.0" encoding="UTF-8"?>
<testsuite name="Huffman" tests="1" skipped="0" failures="0" errors="0" timestamp="2014-10-30T21:32:56" hostname="Paul-PC" time="0.005">
  <properties/>
  <testcase name="runTests" classname="Huffman" time="0.005"/>
  <system-out><![CDATA[]]></system-out>
  <system-err><![CDATA[]]></system-err>
</testsuite>
